<?xml version="1.0" encoding="UTF-8"?>
<!-- Generated by org.testng.reporters.JUnitReportReporter -->
<testsuite skipped="0" ignored="0" name="com.mycompany.test.automation_framework.testCases.testPrint" tests="1" failures="0" timestamp="17 Oct 2017 07:03:06 GMT" time="0.010" errors="0">
  <testcase name="test" time="0.010" classname="com.mycompany.test.automation_framework.testCases.testPrint"/>
</testsuite> <!-- com.mycompany.test.automation_framework.testCases.testPrint -->
